Benchmark/PA7/PA8/app/build/intermediates/manifest_merge_blame_file/debug/manifest-merger-blame-debug-report.txt
1<?xml version="1.0" encoding="utf-8"?>
2<manifest xmlns:android="http://schemas.android.com/apk/res/android"
3    package="com.aaronjwood.portauthority"
4    android:installLocation="auto"
5    android:versionCode="12"
6    android:versionName="1.4.0" >
7
8    <uses-sdk
8-->src\main\AndroidManifest.xml:8:5-10:40
9        android:minSdkVersion="25"
9-->src\main\AndroidManifest.xml:9:9-35
10        android:targetSdkVersion="25" />
10-->src\main\AndroidManifest.xml:10:9-38
11
12    <uses-permission android:name="android.permission.ACCESS_NETWORK_STATE" />
12-->src\main\AndroidManifest.xml:12:5-78
12-->src\main\AndroidManifest.xml:12:22-76
13    <uses-permission android:name="android.permission.ACCESS_WIFI_STATE" />
13-->src\main\AndroidManifest.xml:13:5-75
13-->src\main\AndroidManifest.xml:13:22-73
14    <uses-permission android:name="android.permission.INTERNET" />
14-->src\main\AndroidManifest.xml:14:5-66
14-->src\main\AndroidManifest.xml:14:22-64
15
16    <application
16-->src\main\AndroidManifest.xml:16:5-40:19
17        android:allowBackup="true"
17-->src\main\AndroidManifest.xml:17:9-35
18        android:debuggable="true"
19        android:extractNativeLibs="false"
20        android:icon="@drawable/icon"
20-->src\main\AndroidManifest.xml:18:9-38
21        android:label="@string/app_name"
21-->src\main\AndroidManifest.xml:19:9-41
22        android:theme="@style/AppTheme" >
22-->src\main\AndroidManifest.xml:20:9-40
23        <activity
23-->src\main\AndroidManifest.xml:21:9-30:20
24            android:name="com.aaronjwood.portauthority.activity.MainActivity"
24-->src\main\AndroidManifest.xml:22:13-50
25            android:label="@string/app_name"
25-->src\main\AndroidManifest.xml:24:13-45
26            android:theme="@android:style/Theme.Holo.Wallpaper.NoTitleBar" >
26-->src\main\AndroidManifest.xml:23:13-75
27            <intent-filter>
27-->src\main\AndroidManifest.xml:25:13-29:29
28                <action android:name="android.intent.action.MAIN" />
28-->src\main\AndroidManifest.xml:26:17-68
28-->src\main\AndroidManifest.xml:26:25-66
29
30                <category android:name="android.intent.category.LAUNCHER" />
30-->src\main\AndroidManifest.xml:28:17-76
30-->src\main\AndroidManifest.xml:28:27-74
31            </intent-filter>
32        </activity>
33        <activity
33-->src\main\AndroidManifest.xml:31:9-39:20
34            android:name="com.aaronjwood.portauthority.activity.HostActivity"
34-->src\main\AndroidManifest.xml:32:13-50
35            android:label="@string/app_name"
35-->src\main\AndroidManifest.xml:33:13-45
36            android:parentActivityName="com.aaronjwood.portauthority.activity.MainActivity"
36-->src\main\AndroidManifest.xml:35:13-64
37            android:theme="@android:style/Theme.Holo.Wallpaper.NoTitleBar" >
37-->src\main\AndroidManifest.xml:34:13-75
38            <meta-data
38-->src\main\AndroidManifest.xml:36:13-38:57
39                android:name="android.support.PARENT_ACTIVITY"
39-->src\main\AndroidManifest.xml:37:17-63
40                android:value=".activity.MainActivity" />
40-->src\main\AndroidManifest.xml:38:17-55
41        </activity>
42    </application>
43
44</manifest>